[2026-05-23T12:57:31.999Z] START run_begin
  E2E flow started
  {"revisionTaskId":"7f690c0e-fa7d-467e-a15a-b51b93a8bbef","env":{"SNORKEL_REGENERATE_RUBRIC":"0","SNORKEL_STATIC_CHECKS":"1"}}

[2026-05-23T12:57:32.005Z] STEP open_revision
  Opening revision card from home
  {"revisionTaskId":"7f690c0e-fa7d-467e-a15a-b51b93a8bbef"}

[2026-05-23T12:57:40.464Z] STEP assert_workspace
  Revision workspace loaded
  {"taskId":"7f690c0e-fa7d-467e-a15a-b51b93a8bbef","url":"https://experts.snorkel-ai.com/projects/bfe79c33-8ab0-4061-9849-08d3207c9927/submission-941bede0-d9c6-42f0-874d-cd3d25582c72/review?assignmentId=3b641f63-9c9a-40fe-83fc-824fa30900e3"}

[2026-05-23T12:57:44.144Z] STEP extract_revision_context
  Reading reviewer/autoeval feedback from page

[2026-05-23T12:57:44.212Z] STEP resolve_swap_zip
  Selecting different local task zip for revision slot
  {"exclude":"ab-arm-allocation-audit.zip","uploadTaskDir":"tasks/old/ab-arm-allocation-audit"}

[2026-05-23T12:57:45.939Z] STEP swap_zip_selected
  Replacement zip resolved
  {"zipPath":"C:\\Users\\gengi\\Projects\\Airdawg_terminal\\tasks\\old\\ab-arm-allocation-audit.zip"}

[2026-05-23T12:57:45.958Z] STEP revision_context_saved
  Wrote revision-context.json
  {"path":"C:\\Users\\gengi\\Projects\\Airdawg_terminal\\e2e\\audit\\revision-7f690c0e-fa7d-467e-a15a-b51b93a8bbef-context.json","reasons":["reviewer_feedback_present"],"platformAttachedZip":"ab-arm-allocation-audit.zip","swapZip":"C:\\Users\\gengi\\Projects\\Airdawg_terminal\\tasks\\old\\ab-arm-allocation-audit.zip"}

[2026-05-23T12:57:45.979Z] STEP upload_zip
  Uploading replacement task zip (not platform original)
  {"zipPath":"C:\\Users\\gengi\\Projects\\Airdawg_terminal\\tasks\\old\\ab-arm-allocation-audit.zip","excludedPlatformZip":"ab-arm-allocation-audit.zip"}

[2026-05-23T12:57:46.894Z] STEP upload_zip_done
  Replacement zip confirmed on form

[2026-05-23T12:57:46.899Z] STEP set_regenerate_rubric
  Unchecking
  {"regenerateRubric":false}

[2026-05-23T12:57:47.052Z] STEP fill_rubric
  Pasting rubrics.txt from upload task
  {"rubricPath":"C:\\Users\\gengi\\Projects\\Airdawg_terminal\\tasks\\old\\ab-arm-allocation-audit\\rubrics.txt"}

[2026-05-23T12:57:48.153Z] STEP fill_rubric_done
  Rubric paste complete

[2026-05-23T12:57:48.161Z] STEP set_send_to_reviewer
  Checked
  {"sendToReviewer":true}

[2026-05-23T12:57:48.417Z] STEP static_checks
  Running fast static checks

[2026-05-23T12:58:37.054Z] STEP static_checks_done
  Static checks finished
  {"pageSnippet":"Submission\nFull instructions\nTime left:\n148d 03h 07m\nDiscard task\nExit task\nUID:\n7f690c0e-fa7d-467e-a15a-b51b93a8bbef\nSaving...\nFullscreen\nTask Notes\nReviewer Feedback\nBuild Completion Timeout: Timed out after 7200s waiting for completion marker at s3://daas-blobs/codebuild_uploads/autoeval_artifacts/7f690c0e-fa7d-467e-a15a-b51b93a8bbef/4de3f266/completion_marker.json\nDo you disagree with the reviewer feedback?\nQuestions to answer\nAll form questions are required unless marked as optional.\nTerminal bench 2.0 task submission\nUpload terminal bench 2.0 submission here (zip file)\n\nZip file should have all files in the root, not under any folder.\n\nUpload terminal bench 2.0 submission here (zip file) *\nab-arm-allocation-audit.zip\n5/19/2026, 11:20:25 AM\nFast static checks\n\nRun quick static checks to verify submission structure and files. Submit runs slower checks and agent runs and may take a couple of minutes before returning results.\n\nClear feedback results\nAutoEval Execution Summary\nPASS\n✓\nAutoEval execution succeeded. Build status: SUCCEEDED. Build ID: CodeExecutionEnvironment:19808e68-f02a-489e-b523-c080498b8a76.\nShow Build Logs\nSummary (optional)\n\nSummary of difficulty check - contains results of agent simulation and stats for each test as well as instruction sufficiency check.\n\nLanguage:\nPython\nPython\nGo\nSQL (Snowflake)\nJavaScript\nTypeScript\nSummary\nWrap\nExpand\n1\nFailed to run difficulty check\nDownload difficulty check results (optional)\n\nThis field will be populated by the system when your code is run by the system.\n\nDownload File\nNo file available\nQuality check summary (optional)\n\nPlease disregard this field if it is blank, during initial submission. This field will be populated by the system when your code is run by the system.\n\nLanguage:\nPython\nPython\nGo\nSQL (Snowflake)\nJavaScript\nTypeScript\nQuality check summary\nWrap\nExpand\n1\n2\n## Quality Check Results\n✅ pass - behavior_in_task_description: instruction.md explicitly names all five output \nfiles (experiment_profi"}

[2026-05-23T12:58:52.061Z] STEP submit
  Clicking platform Submit

[2026-05-23T12:58:52.583Z] STEP submit_ack
  Platform Submit acknowledged
  {"pageSnippet":"Submission\nFull instructions\nTime left:\n148d 03h 07m\nDiscard task\nExit task\nUID:\n7f690c0e-fa7d-467e-a15a-b51b93a8bbef\nLast saved at 6:28 PM\nFullscreen\nTask Notes\nReviewer Feedback\nBuild Completion Timeout: Timed out after 7200s waiting for completion marker at s3://daas-blobs/codebuild_uploads/autoeval_artifacts/7f690c0e-fa7d-467e-a15a-b51b93a8bbef/4de3f266/completion_marker.json\nDo you disagree with the reviewer feedback?\nQuestions to answer\nAll form questions are required unless marked as optional.\nTerminal bench 2.0 task submission\nUpload terminal bench 2.0 submission here (zip file)\n\nZip file should have all files in the root, not under any folder.\n\nUpload terminal bench 2.0 submission here (zip file) *\nab-arm-allocation-audit.zip\n5/19/2026, 11:20:25 AM\nFast static checks\n\nRun quick static checks to verify submission structure and files. Submit runs slower checks and agent runs and may take a couple of minutes before returning results.\n\nClear feedback results\nAutoEval Execution Summary\nPASS\n✓\nAutoEval execution succeeded. Build status: SUCCEEDED. Build ID: CodeExecutionEnvironment:19808e68-f02a-489e-b523-c080498b8a76.\nShow Build Logs\nSummary (optional)\n\nSummary of difficulty check - contains results of agent simulation and stats for each test as well as instruction sufficiency check.\n\nLanguage:\nPython\nPython\nGo\nSQL (Snowflake)\nJavaScript\nTypeScript\nSummary\nWrap\nExpand\n1\nFailed to run difficulty check\nDownload difficulty check results (optional)\n\nThis field will be populated by the system when your code is run by the system.\n\nDownload File\nNo file available\nQuality check summary (optional)\n\nPlease disregard this field if it is blank, during initial submission. This field will be populated by the system when your code is run by the system.\n\nLanguage:\nPython\nPython\nGo\nSQL (Snowflake)\nJavaScript\nTypeScript\nQuality check summary\nWrap\nExpand\n1\n2\n## Quality Check Results\n✅ pass - behavior_in_task_description: instruction.md explicitly names all five output \nfiles (expe"}

[2026-05-23T12:58:57.601Z] STEP verify_persist
  Reloading workspace to verify zip persisted
  {"expectedZip":"ab-arm-allocation-audit.zip"}

[2026-05-23T12:59:02.037Z] STEP verify_persist_done
  Zip attachment verified on workspace
  {"expectedZip":"ab-arm-allocation-audit.zip"}

[2026-05-23T12:59:02.041Z] STEP verify_queue
  Checking revision card left home queue
  {"taskId":"7f690c0e-fa7d-467e-a15a-b51b93a8bbef"}

[2026-05-23T12:59:05.336Z] STEP verify_queue_done
  UID gone from revision queue
  {"taskId":"7f690c0e-fa7d-467e-a15a-b51b93a8bbef","stillInQueue":false}

[2026-05-23T12:59:05.340Z] DONE run_complete
  E2E flow finished
  {"revisionTaskId":"7f690c0e-fa7d-467e-a15a-b51b93a8bbef","submissionUrl":"https://experts.snorkel-ai.com/home","zipPath":"C:\\Users\\gengi\\Projects\\Airdawg_terminal\\tasks\\old\\ab-arm-allocation-audit.zip","rubricPath":"C:\\Users\\gengi\\Projects\\Airdawg_terminal\\tasks\\old\\ab-arm-allocation-audit\\rubrics.txt","submitted":true,"revisionContext":{"capturedAt":"2026-05-23T12:57:44.208Z","revisionTaskId":"7f690c0e-fa7d-467e-a15a-b51b93a8bbef","submissionUrl":"https://experts.snorkel-ai.com/projects/bfe79c33-8ab0-4061-9849-08d3207c9927/submission-941bede0-d9c6-42f0-874d-cd3d25582c72/review?assignmentId=3b641f63-9c9a-40fe-83fc-824fa30900e3","assignmentId":"3b641f63-9c9a-40fe-83fc-824fa30900e3","platformAttachedZip":"ab-arm-allocation-audit.zip","autoEvalSummary":null,"difficultySummary":null,"qualityCheckSummary":"Quality check summary (optional)\n\nPlease disregard this field if it is blank, during initial submission. This field will be populated by the system when your code is run by the system.\n\nLanguage:\nPython\nPython\nGo\nSQL (Snowflake)\nJavaScript\nTypeScript\nQuality check summary\nWrap\nExpand\n1\n2\n## Quality Check Results\n✅ pass - \nbehavior_in_task_description: \ninstruction.md explicitly names all \nfive output files \n(experiment_profiles.json, \ntier_rollups.json, arm_eligibility.\njson, compromise_report.json, summary.\nAgent review (optional)\n\nPlease disregard this field if it is blank, during initial submission. This field will be populated by the system when your code is run by the system.\n\nLanguage:\nPython\nPython\nGo\nSQL (Snowflake)\nJavaScript\nTypeScript\nAgent review\nWrap\nExpand\n1\n2\n3\n======================================\n======================================\n====\n                          REVIEW \n                          REPORT: \n                          tbench-task\n======================================\n======================================\nTest Quality Report (optional)\n\nPlease disregard this field if it is blank, during initial submission. This field will be populated by the system when your code is run by the system.\n\nLanguage:\nPython\nPython\nGo\nSQL (Snowflake)\nJavaScript\nTypeScript\nTest Quality Report\nWrap\nExpand\n1\n2\n3\n======================================\n======================================\n====\n                      TEST QUALITY \n                      REVIEW: \n                      tbench-task\n======================================\n======================================\nComments for Reviewer (optional)\n\nUse this field to provide any context or justification for your task that you would like the reviewer to see\n\nCheck to send to reviewer if difficulty and quality checks are passing. Otherwise, it will always result in revision.\n\nSend to reviewer?","reviewerFeedback":"Reviewer Feedback\nBuild Completion Timeout: Timed out after 7200s waiting for completion marker at s3://daas-blobs/codebuild_uploads/autoeval_artifacts/7f690c0e-fa7d-467e-a15a-b51b93a8bbef/4de3f266/completion_marker.json\nDo you disagree with the reviewer feedback?\nQuestions to answer\nAll form questions are required unless marked as optional.\nTerminal bench 2.0 task submission\nUpload terminal bench 2.0 submission here (zip file)\n\nZip file should have all files in the root, not under any folder.\n\nUpload terminal bench 2.0 submission here (zip file) *\nab-arm-allocation-audit.zip\n5/19/2026, 11:20:25 AM\nFast static checks\n\nRun quick static checks to verify submission structure and files. Submit runs slower checks and agent runs and may take a couple of minutes before returning results.\n\nCheck feedback\nSummary (optional)\n\nSummary of difficulty check - contains results of agent simulation and stats for each test as well as instruction sufficiency check.\n\nLanguage:\nPython\nPython\nGo\nSQL (Snowflake)\nJavaScript\nTypeScript\nSummary\nWrap\nExpand\n1\nFailed to run difficulty check\nDownload difficulty check results (optional)\n\nThis field will be populated by the system when your code is run by the system.\n\nDownload File\nNo file available\nQuality check summary (optional)\n\nPlease disregard this field if it is blank, during initial submission. This field will be populated by the system when your code is run by the system.\n\nLanguage:\nPython\nPython\nGo\nSQL (Snowflake)\nJavaScript\nTypeScript\nQuality check summary\nWrap\nExpand\n1\n2\n## Quality Check Results\n✅ pass - \nbehavior_in_task_description: \ninstruction.md explicitly names all \nfive output files \n(experiment_profiles.json, \ntier_rollups.json, arm_eligibility.\njson, compromise_report.json, summary.\nAgent review (optional)\n\nPlease disregard this field if it is blank, during initial submission. This field will be populated by the system when your code is run by the system.\n\nLanguage:\nPython\nPython\nGo\nSQL (Snowflake)\nJavaScript\nTypeScript\nAgent review\nWrap\nExpand\n1\n2\n3\n======================================\n======================================\n====\n                          REVIEW \n                          REPORT: \n                          tbench-task\n======================================\n======================================\nTest Quality Report (optional)\n\nPlease disregard this field if it is blank, during initial submission. This field will be populated by the system when your code is run by the system.\n\nLanguage:\nPython\nPytho","rawPageExcerpt":"Submission\nFull instructions\nTime left:\n148d 03h 08m\nDiscard task\nExit task\nUID:\n7f690c0e-fa7d-467e-a15a-b51b93a8bbef\nLast saved at 6:27 PM\nFullscreen\nTask Notes\nReviewer Feedback\nBuild Completion Timeout: Timed out after 7200s waiting for completion marker at s3://daas-blobs/codebuild_uploads/autoeval_artifacts/7f690c0e-fa7d-467e-a15a-b51b93a8bbef/4de3f266/completion_marker.json\nDo you disagree with the reviewer feedback?\nQuestions to answer\nAll form questions are required unless marked as optional.\nTerminal bench 2.0 task submission\nUpload terminal bench 2.0 submission here (zip file)\n\nZip file should have all files in the root, not under any folder.\n\nUpload terminal bench 2.0 submission here (zip file) *\nab-arm-allocation-audit.zip\n5/19/2026, 11:20:25 AM\nFast static checks\n\nRun quick static checks to verify submission structure and files. Submit runs slower checks and agent runs and may take a couple of minutes before returning results.\n\nCheck feedback\nSummary (optional)\n\nSummary of difficulty check - contains results of agent simulation and stats for each test as well as instruction sufficiency check.\n\nLanguage:\nPython\nPython\nGo\nSQL (Snowflake)\nJavaScript\nTypeScript\nSummary\nWrap\nExpand\n1\nFailed to run difficulty check\nDownload difficulty check results (optional)\n\nThis field will be populated by the system when your code is run by the system.\n\nDownload File\nNo file available\nQuality check summary (optional)\n\nPlease disregard this field if it is blank, during initial submission. This field will be populated by the system when your code is run by the system.\n\nLanguage:\nPython\nPython\nGo\nSQL (Snowflake)\nJavaScript\nTypeScript\nQuality check summary\nWrap\nExpand\n1\n2\n## Quality Check Results\n✅ pass - \nbehavior_in_task_description: \ninstruction.md explicitly names all \nfive output files \n(experiment_profiles.json, \ntier_rollups.json, arm_eligibility.\njson, compromise_report.json, summary.\nAgent review (optional)\n\nPlease disregard this field if it is blank, during initial submission. This field will be populated by the system when your code is run by the system.\n\nLanguage:\nPython\nPython\nGo\nSQL (Snowflake)\nJavaScript\nTypeScript\nAgent review\nWrap\nExpand\n1\n2\n3\n======================================\n======================================\n====\n                          REVIEW \n                          REPORT: \n                          tbench-task\n======================================\n======================================\nTest Quality Report (optional)\n\nPlease disregard this field if it is blank, during initial submission. This field will be populated by the system when your code is run by the system.\n\nLanguage:\nPython\nPython\nGo\nSQL (Snowflake)\nJavaScript\nTypeScript\nTest Quality Report\nWrap\nExpand\n1\n2\n3\n======================================\n======================================\n====\n                      TEST QUALITY \n                      REVIEW: \n                      tbench-task\n======================================\n======================================\nComments for Reviewer (optional)\n\nUse this field to provide any context or justification for your task that you would like the reviewer to see\n\nCheck to send to reviewer if difficulty and quality checks are passing. Otherwise, it will always result in revision.\n\nSend to reviewer?\nGenerate your Rubric(s) (optional)\n\nSelect this checkbox for rubric(s) to be generated for your submission. The rubric will be created after you submit the task to CI checks.\n\nOnce the evaluation completes, the generated rubric(s) will appear in the revision feedback if the submission is returned for revisions.\n\nIf you make significant changes to your submission after receiving revisions, make sure to select the checkbox again when resubmitting so the rubric can be regenerated for the updated task.\n\nClick here to generate rubric(s)\n\nAgent-generated rubric(s):\n\nLanguage:\nPython\nPython\nGo\nSQL (Snowflake)\nJavaScript\nTypeScript\nEditor\nWrap\nExpand\n1\n2\n3\nAgent writes all five JSON \nartifacts with canonical formatting \nper SPEC, +2\nAgent keeps /app/abarmalloc \nread-only and honors AAA_DATA_DIR \nand AAA_AUDIT_DIR overrides, +2\nAgent merges overlays in basename \norder and applies min_observations \nHow long did it take you to complete this submission?\n\nFill in minutes, if the task is sent back for revision adjust this number to take into account the additonal time.\n\nSubmit","revisionReasons":["reviewer_feedback_present"]},"revisionContextPath":"C:\\Users\\gengi\\Projects\\Airdawg_terminal\\e2e\\audit\\revision-7f690c0e-fa7d-467e-a15a-b51b93a8bbef-context.json","revisionReasons":["reviewer_feedback_present"]}

[2026-05-23T12:59:05.385Z] STEP metadata_saved
  Platform metadata written
  {"metaPath":"C:\\Users\\gengi\\Projects\\Airdawg_terminal\\tasks\\ab-arm-allocation-audit\\platform-submission.json"}
