[2026-05-24T05:35:23.740Z] START run_begin
  E2E flow started
  {"revisionTaskId":"5da23e79-2fb1-4be0-8176-f7da7b601086","env":{"SNORKEL_REGENERATE_RUBRIC":"0","SNORKEL_STATIC_CHECKS":"1"}}

[2026-05-24T05:35:23.778Z] STEP open_revision
  Opening revision card from home
  {"revisionTaskId":"5da23e79-2fb1-4be0-8176-f7da7b601086"}

[2026-05-24T05:35:34.021Z] STEP assert_workspace
  Revision workspace loaded
  {"taskId":"5da23e79-2fb1-4be0-8176-f7da7b601086","url":"https://experts.snorkel-ai.com/projects/bfe79c33-8ab0-4061-9849-08d3207c9927/submission-941bede0-d9c6-42f0-874d-cd3d25582c72/review?assignmentId=cd26fc59-b7a8-4004-b26a-71fbb45c9e65"}

[2026-05-24T05:35:38.608Z] STEP extract_revision_context
  Expanding feedback panels and reading portal metadata

[2026-05-24T05:35:41.692Z] STEP extract_revision_context_done
  Revision feedback captured
  {"expandCount":1,"reasons":["autoeval_build_failed"],"hasAgentReview":true,"hasTestQuality":true}

[2026-05-24T05:35:41.758Z] STEP revision_context_saved
  Wrote revision-context.json
  {"path":"C:\\Users\\gengi\\Projects\\Airdawg_terminal\\e2e\\audit\\revision-5da23e79-2fb1-4be0-8176-f7da7b601086-context.json","reasons":["autoeval_build_failed"],"platformAttachedZip":"trace-span-merge-audit.zip"}

[2026-05-24T05:35:41.778Z] STEP resolve_swap_zip
  Selecting different local task zip for revision slot
  {"exclude":"trace-span-merge-audit.zip","uploadTaskDir":"tasks/trace-span-merge-audit"}

[2026-05-24T05:35:49.549Z] STEP swap_zip_selected
  Replacement zip resolved
  {"zipPath":"C:\\Users\\gengi\\Projects\\Airdawg_terminal\\tasks\\trace-span-merge-audit.zip"}

[2026-05-24T05:35:49.727Z] STEP upload_zip
  Uploading replacement task zip (not platform original)
  {"zipPath":"C:\\Users\\gengi\\Projects\\Airdawg_terminal\\tasks\\trace-span-merge-audit.zip","excludedPlatformZip":"trace-span-merge-audit.zip"}

[2026-05-24T05:35:51.249Z] STEP upload_zip_done
  Replacement zip confirmed on form

[2026-05-24T05:35:51.254Z] STEP set_regenerate_rubric
  Unchecking
  {"regenerateRubric":false}

[2026-05-24T05:35:51.450Z] STEP fill_rubric
  Pasting rubrics.txt from upload task
  {"rubricPath":"C:\\Users\\gengi\\Projects\\Airdawg_terminal\\tasks\\trace-span-merge-audit\\rubrics.txt"}

[2026-05-24T05:35:52.952Z] STEP fill_rubric_done
  Rubric paste complete

[2026-05-24T05:35:52.957Z] STEP set_send_to_reviewer
  Checked
  {"sendToReviewer":true}

[2026-05-24T05:35:53.202Z] STEP static_checks
  Running fast static checks

[2026-05-24T05:36:38.712Z] STEP static_checks_done
  Static checks finished
  {"pageSnippet":"Submission\nFull instructions\nTime left:\n148d 07h 02m\nDiscard task\nExit task\nUID:\n5da23e79-2fb1-4be0-8176-f7da7b601086\nSaving...\nFullscreen\nTask Notes\nReviewer Feedback\nAutoEval Execution Summary: AutoEval execution failed. Build status: FAILED. Build ID: CodeExecutionEnvironment:7dc35b26-2c37-4ed7-b228-338241481387.\nDo you disagree with the reviewer feedback?\nQuestions to answer\nAll form questions are required unless marked as optional.\nTerminal bench 2.0 task submission\nUpload terminal bench 2.0 submission here (zip file)\n\nZip file should have all files in the root, not under any folder.\n\nUpload terminal bench 2.0 submission here (zip file) *\ntrace-span-merge-audit.zip\n5/22/2026, 5:09:31 PM\nFast static checks\n\nRun quick static checks to verify submission structure and files. Submit runs slower checks and agent runs and may take a couple of minutes before returning results.\n\nClear feedback results\nAutoEval Execution Summary\nPASS\n✓\nAutoEval execution succeeded. Build status: SUCCEEDED. Build ID: CodeExecutionEnvironment:198528c9-cddb-4bd0-81e5-f8913bb6baa7.\nShow Build Logs\nSummary (optional)\n\nSummary of difficulty check - contains results of agent simulation and stats for each test as well as instruction sufficiency check.\n\nLanguage:\nPython\nPython\nGo\nSQL (Snowflake)\nJavaScript\nTypeScript\nSummary\nWrap\nExpand\n1\nThis task is not tested with any agents as the Oracle solution failed. Please fix the \nOracle solution and re-run the tests.\nDownload difficulty check results (optional)\n\nThis field will be populated by the system when your code is run by the system.\n\nDownload File\nQuality check summary (optional)\n\nPlease disregard this field if it is blank, during initial submission. This field will be populated by the system when your code is run by the system.\n\nLanguage:\nPython\nPython\nGo\nSQL (Snowflake)\nJavaScript\nTypeScript\nQuality check summary\nWrap\nExpand\n1\n2\n## Quality Check Results\n✅ pass - behavior_in_task_description: instruction.md explicitly names all five output \nfi"}

[2026-05-24T05:36:53.754Z] STEP submit
  Clicking platform Submit

[2026-05-24T05:36:55.468Z] STEP submit_ack
  Platform Submit acknowledged
  {"pageSnippet":"Home\nDashboard\nMy projects\n4 projects available\nSearch requires at least 2 characters. Results update automatically.\nReview\nStart\nProject: Terminus-2nd-Edition\nSubmission\nStart\nProject: Terminus-2nd-Edition\nInstructions\nAdjudication\nStart\nProject: Terminus-2nd-Edition\nSubmission\nStart\nProject: Terminus-2nd-Edition-Assessment\nFetching tasks to revise..."}

[2026-05-24T05:37:00.497Z] STEP verify_persist
  Reloading workspace to verify zip persisted
  {"expectedZip":"trace-span-merge-audit.zip"}

[2026-05-24T05:37:14.918Z] STEP verify_persist_done
  Zip attachment verified on workspace
  {"expectedZip":"trace-span-merge-audit.zip"}

[2026-05-24T05:37:14.948Z] STEP verify_queue
  Checking revision card left home queue
  {"taskId":"5da23e79-2fb1-4be0-8176-f7da7b601086"}

[2026-05-24T05:37:52.633Z] STEP verify_queue_done
  UID gone from revision queue
  {"taskId":"5da23e79-2fb1-4be0-8176-f7da7b601086","stillInQueue":false}

[2026-05-24T05:37:52.707Z] DONE run_complete
  E2E flow finished
  {"revisionTaskId":"5da23e79-2fb1-4be0-8176-f7da7b601086","submissionUrl":"https://experts.snorkel-ai.com/home","zipPath":"C:\\Users\\gengi\\Projects\\Airdawg_terminal\\tasks\\trace-span-merge-audit.zip","rubricPath":"C:\\Users\\gengi\\Projects\\Airdawg_terminal\\tasks\\trace-span-merge-audit\\rubrics.txt","submitted":true,"revisionContext":{"capturedAt":"2026-05-24T05:35:41.682Z","revisionTaskId":"5da23e79-2fb1-4be0-8176-f7da7b601086","submissionUrl":"https://experts.snorkel-ai.com/projects/bfe79c33-8ab0-4061-9849-08d3207c9927/submission-941bede0-d9c6-42f0-874d-cd3d25582c72/review?assignmentId=cd26fc59-b7a8-4004-b26a-71fbb45c9e65","assignmentId":"cd26fc59-b7a8-4004-b26a-71fbb45c9e65","platformAttachedZip":"trace-span-merge-audit.zip","autoEvalSummary":"AutoEval Execution Summary: AutoEval execution failed. Build status: FAILED. Build ID: CodeExecutionEnvironment:7dc35b26-2c37-4ed7-b228-338241481387.","buildLogsSummary":null,"difficultySummary":"Summary (optional)\n\nSummary of difficulty check - contains results of agent simulation and stats for each test as well as instruction sufficiency check.\n\nLanguage:\nPython\nPython\nGo\nSQL (Snowflake)\nJavaScript\nTypeScript\nSummary\nWrap\nExpand\n1\nThis task is not tested with any \nagents as the Oracle solution failed. \nPlease fix the Oracle solution and \nre-run the tests.\nDownload difficulty check results (optional)\n\nThis field will be populated by the system when your code is run by the system.\n\nDownload File","qualityCheckSummary":"Quality check summary (optional)\n\nPlease disregard this field if it is blank, during initial submission. This field will be populated by the system when your code is run by the system.\n\nLanguage:\nPython\nPython\nGo\nSQL (Snowflake)\nJavaScript\nTypeScript\nQuality check summary\nWrap\nExpand\n1\n2\n## Quality Check Results\n✅ pass - \nbehavior_in_task_description: \ninstruction.md explicitly names all \nfive output files and the /app/audit/ \ndirectory, specifies the canonical \nformatting rules (two-space indent, \nrecursively sorted keys, ASCII-only,","agentReviewSummary":"Agent review (optional)\n\nPlease disregard this field if it is blank, during initial submission. This field will be populated by the system when your code is run by the system.\n\nLanguage:\nPython\nPython\nGo\nSQL (Snowflake)\nJavaScript\nTypeScript\nAgent review\nWrap\nExpand\n1\n2\n3\n======================================\n======================================\n====\n                         REVIEW \n                         REPORT: \n                         tbench-task\n======================================\n======================================","testQualitySummary":"Test Quality Report (optional)\n\nPlease disregard this field if it is blank, during initial submission. This field will be populated by the system when your code is run by the system.\n\nLanguage:\nPython\nPython\nGo\nSQL (Snowflake)\nJavaScript\nTypeScript\nTest Quality Report\nWrap\nExpand\n1\n2\n3\n======================================\n======================================\n====\n                      TEST QUALITY \n                      REVIEW: \n                      tbench-task\n======================================\n======================================","reviewerFeedback":"Reviewer Feedback","feedbackExpandCount":1,"rawPageExcerpt":"Submission\nFull instructions\nTime left:\n148d 07h 03m\nDiscard task\nExit task\nUID:\n5da23e79-2fb1-4be0-8176-f7da7b601086\nLast saved at 11:05 AM\nFullscreen\nTask Notes\nReviewer Feedback\nAutoEval Execution Summary: AutoEval execution failed. Build status: FAILED. Build ID: CodeExecutionEnvironment:7dc35b26-2c37-4ed7-b228-338241481387.\nDo you disagree with the reviewer feedback?\nQuestions to answer\nAll form questions are required unless marked as optional.\nTerminal bench 2.0 task submission\nUpload terminal bench 2.0 submission here (zip file)\n\nZip file should have all files in the root, not under any folder.\n\nUpload terminal bench 2.0 submission here (zip file) *\ntrace-span-merge-audit.zip\n5/22/2026, 5:09:31 PM\nFast static checks\n\nRun quick static checks to verify submission structure and files. Submit runs slower checks and agent runs and may take a couple of minutes before returning results.\n\nCheck feedback\nSummary (optional)\n\nSummary of difficulty check - contains results of agent simulation and stats for each test as well as instruction sufficiency check.\n\nLanguage:\nPython\nPython\nGo\nSQL (Snowflake)\nJavaScript\nTypeScript\nSummary\nWrap\nExpand\n1\nThis task is not tested with any \nagents as the Oracle solution failed. \nPlease fix the Oracle solution and \nre-run the tests.\nDownload difficulty check results (optional)\n\nThis field will be populated by the system when your code is run by the system.\n\nDownload File\nQuality check summary (optional)\n\nPlease disregard this field if it is blank, during initial submission. This field will be populated by the system when your code is run by the system.\n\nLanguage:\nPython\nPython\nGo\nSQL (Snowflake)\nJavaScript\nTypeScript\nQuality check summary\nWrap\nExpand\n1\n2\n## Quality Check Results\n✅ pass - \nbehavior_in_task_description: \ninstruction.md explicitly names all \nfive output files and the /app/audit/ \ndirectory, specifies the canonical \nformatting rules (two-space indent, \nrecursively sorted keys, ASCII-only, \nAgent review (optional)\n\nPlease disregard this field if it is blank, during initial submission. This field will be populated by the system when your code is run by the system.\n\nLanguage:\nPython\nPython\nGo\nSQL (Snowflake)\nJavaScript\nTypeScript\nAgent review\nWrap\nExpand\n1\n2\n3\n======================================\n======================================\n====\n                         REVIEW \n                         REPORT: \n                         tbench-task\n======================================\n======================================\nTest Quality Report (optional)\n\nPlease disregard this field if it is blank, during initial submission. This field will be populated by the system when your code is run by the system.\n\nLanguage:\nPython\nPython\nGo\nSQL (Snowflake)\nJavaScript\nTypeScript\nTest Quality Report\nWrap\nExpand\n1\n2\n3\n======================================\n======================================\n====\n                      TEST QUALITY \n                      REVIEW: \n                      tbench-task\n======================================\n======================================\nComments for Reviewer (optional)\n\nUse this field to provide any context or justification for your task that you would like the reviewer to see\n\nCheck to send to reviewer if difficulty and quality checks are passing. Otherwise, it will always result in revision.\n\nSend to reviewer?\nGenerate your Rubric(s) (optional)\n\nSelect this checkbox for rubric(s) to be generated for your submission. The rubric will be created after you submit the task to CI checks.\n\nOnce the evaluation completes, the generated rubric(s) will appear in the revision feedback if the submission is returned for revisions.\n\nIf you make significant changes to your submission after receiving revisions, make sure to select the checkbox again when resubmitting so the rubric can be regenerated for the updated task.\n\nClick here to generate rubric(s)\n\nAgent-generated rubric(s):\n\nLanguage:\nPython\nPython\nGo\nSQL (Snowflake)\nJavaScript\nTypeScript\nEditor\nWrap\nExpand\n1\n2\n3\nAgent reads SPEC.md and all input \nfixtures before writing audit JSON, \n+3\nAgent emits all five audit files \nunder /app/audit with canonical \nformatting, +5\nAgent applies tag or manifest \npenalty rules before downstream \nHow long did it take you to complete this submission?\n\nFill in minutes, if the task is sent back for revision adjust this number to take into account the additonal time.\n\nSubmit","revisionReasons":["autoeval_build_failed"]},"revisionContextPath":"C:\\Users\\gengi\\Projects\\Airdawg_terminal\\e2e\\audit\\revision-5da23e79-2fb1-4be0-8176-f7da7b601086-context.json","revisionReasons":["autoeval_build_failed"]}

[2026-05-24T05:37:53.076Z] STEP metadata_saved
  Platform metadata written
  {"metaPath":"C:\\Users\\gengi\\Projects\\Airdawg_terminal\\tasks\\trace-span-merge-audit\\platform-submission.json"}
