[2026-05-23T17:44:05.235Z] START run_begin
  E2E flow started
  {"revisionTaskId":"02b7c62d-f1f4-4b8e-903e-a0c065b0a57b","env":{"SNORKEL_REGENERATE_RUBRIC":"0","SNORKEL_STATIC_CHECKS":"1"}}

[2026-05-23T17:44:05.257Z] STEP open_revision
  Opening revision card from home
  {"revisionTaskId":"02b7c62d-f1f4-4b8e-903e-a0c065b0a57b"}

[2026-05-23T17:44:39.311Z] STEP assert_workspace
  Revision workspace loaded
  {"taskId":"02b7c62d-f1f4-4b8e-903e-a0c065b0a57b","url":"https://experts.snorkel-ai.com/projects/bfe79c33-8ab0-4061-9849-08d3207c9927/submission-941bede0-d9c6-42f0-874d-cd3d25582c72/review?assignmentId=c357b5d7-b9bf-4dfc-8836-f0374913c573"}

[2026-05-23T17:44:51.055Z] STEP extract_revision_context
  Expanding feedback panels and reading portal metadata

[2026-05-23T17:44:53.272Z] STEP extract_revision_context_done
  Revision feedback captured
  {"expandCount":1,"reasons":["autoeval_build_failed"],"hasAgentReview":true,"hasTestQuality":true}

[2026-05-23T17:44:53.289Z] STEP revision_context_saved
  Wrote revision-context.json
  {"path":"C:\\Users\\gengi\\Projects\\Airdawg_terminal\\e2e\\audit\\revision-02b7c62d-f1f4-4b8e-903e-a0c065b0a57b-context.json","reasons":["autoeval_build_failed"],"platformAttachedZip":"csp-merge-policy-audit.zip"}

[2026-05-23T17:44:53.311Z] STEP resolve_swap_zip
  Selecting different local task zip for revision slot
  {"exclude":"csp-merge-policy-audit.zip","uploadTaskDir":"tasks/old/csp-merge-policy-audit"}

[2026-05-23T17:44:54.626Z] STEP swap_zip_selected
  Replacement zip resolved
  {"zipPath":"C:\\Users\\gengi\\Projects\\Airdawg_terminal\\tasks\\old\\csp-merge-policy-audit.zip"}

[2026-05-23T17:44:54.638Z] STEP upload_zip
  Uploading replacement task zip (not platform original)
  {"zipPath":"C:\\Users\\gengi\\Projects\\Airdawg_terminal\\tasks\\old\\csp-merge-policy-audit.zip","excludedPlatformZip":"csp-merge-policy-audit.zip"}

[2026-05-23T17:44:55.385Z] STEP upload_zip_done
  Replacement zip confirmed on form

[2026-05-23T17:44:55.392Z] STEP set_regenerate_rubric
  Unchecking
  {"regenerateRubric":false}

[2026-05-23T17:44:55.536Z] STEP fill_rubric
  Pasting rubrics.txt from upload task
  {"rubricPath":"C:\\Users\\gengi\\Projects\\Airdawg_terminal\\tasks\\old\\csp-merge-policy-audit\\rubrics.txt"}

[2026-05-23T17:44:56.772Z] STEP fill_rubric_done
  Rubric paste complete

[2026-05-23T17:44:56.776Z] STEP set_send_to_reviewer
  Checked
  {"sendToReviewer":true}

[2026-05-23T17:44:57.000Z] STEP static_checks
  Running fast static checks

[2026-05-23T17:45:44.555Z] STEP static_checks_done
  Static checks finished
  {"pageSnippet":"Submission\nFull instructions\nTime left:\n149d 00h 17m\nDiscard task\nExit task\nUID:\n02b7c62d-f1f4-4b8e-903e-a0c065b0a57b\nSaving...\nFullscreen\nTask Notes\nReviewer Feedback\nAutoEval Execution Summary: AutoEval execution failed. Build status: FAILED. Build ID: CodeExecutionEnvironment:74eda523-6094-43c1-8dc8-055510ed676a.\nDo you disagree with the reviewer feedback?\nQuestions to answer\nAll form questions are required unless marked as optional.\nTerminal bench 2.0 task submission\nUpload terminal bench 2.0 submission here (zip file)\n\nZip file should have all files in the root, not under any folder.\n\nUpload terminal bench 2.0 submission here (zip file) *\ncsp-merge-policy-audit.zip\n5/22/2026, 6:06:26 PM\nFast static checks\n\nRun quick static checks to verify submission structure and files. Submit runs slower checks and agent runs and may take a couple of minutes before returning results.\n\nClear feedback results\nAutoEval Execution Summary\nPASS\n✓\nAutoEval execution succeeded. Build status: SUCCEEDED. Build ID: CodeExecutionEnvironment:c0a93746-b969-4708-b59b-d2b8527673c4.\nShow Build Logs\nSummary (optional)\n\nSummary of difficulty check - contains results of agent simulation and stats for each test as well as instruction sufficiency check.\n\nLanguage:\nPython\nPython\nGo\nSQL (Snowflake)\nJavaScript\nTypeScript\nSummary\nWrap\nExpand\n1\nDownload difficulty check results (optional)\n\nThis field will be populated by the system when your code is run by the system.\n\nDownload File\nNo file available\nQuality check summary (optional)\n\nPlease disregard this field if it is blank, during initial submission. This field will be populated by the system when your code is run by the system.\n\nLanguage:\nPython\nPython\nGo\nSQL (Snowflake)\nJavaScript\nTypeScript\nQuality check summary\nWrap\nExpand\n1\n2\n## Quality Check Results\n✅ pass - behavior_in_task_description: instruction.md explicitly names all five output \nfiles (directive_matrix.json, nonce_collisions.json, enforce_verdicts.json, \nincident_overrides.json, summary"}

[2026-05-23T17:45:59.567Z] STEP submit
  Clicking platform Submit

[2026-05-23T17:46:00.825Z] STEP submit_ack
  Platform Submit acknowledged
  {"pageSnippet":"Home\nDashboard\nMy projects\n4 projects available\nSearch requires at least 2 characters. Results update automatically.\nReview\nStart\nProject: Terminus-2nd-Edition\nSubmission\nStart\nProject: Terminus-2nd-Edition\nInstructions\nAdjudication\nStart\nProject: Terminus-2nd-Edition\nSubmission\nStart\nProject: Terminus-2nd-Edition-Assessment\nTasks to be revised\n51 tasks to be revised\n8fd18659-22ec-4857-aac0-3248ba96b576\nRevise\nProject: Terminus-2nd-Edition\nExpires at: 10/13/2026, 11:10:17 AM\n4c005e09-7d5b-4e9d-acfc-524fa794d003\nRevise\nProject: Terminus-2nd-Edition\nExpires at: 10/14/2026, 11:27:57 AM\n7eac7bd9-77dd-4c5d-8cd4-f9dcc9bdb407\nRevise\nProject: Terminus-2nd-Edition\nExpires at: 10/14/2026, 12:28:16 PM\nfea4937d-c7c0-4e6f-862b-604753327459\nRevise\nProject: Terminus-2nd-Edition\nExpires at: 10/14/2026, 12:44:55 PM\nb3cca422-4c7a-4e55-a50f-8df1cb46074e\nRevise\nProject: Terminus-2nd-Edition\nExpires at: 10/16/2026, 12:06:32 AM\n7377e1b7-2c3e-4704-a100-30bc8692accc\nRevise\nProject: Terminus-2nd-Edition\nExpires at: 10/18/2026, 11:01:21 AM\nce25bed2-7fde-4efb-816b-bbb32ac460c1\nRevise\nProject: Terminus-2nd-Edition\nExpires at: 10/18/2026, 5:49:45 PM\nb65583f8-593b-4915-98a3-227f91d3c047\nRevise\nProject: Terminus-2nd-Edition\nExpires at: 10/18/2026, 7:29:41 PM\n9ce46c81-d2e4-407a-9b47-a5c035a3f6a3\nRevise\nProject: Terminus-2nd-Edition\nExpires at: 10/18/2026, 7:34:04 PM\nf2562d6d-b25b-401c-9357-aec84edfb814\nRevise\nProject: Terminus-2nd-Edition\nExpires at: 10/18/2026, 8:02:39 PM\n720485cf-1e8f-4f6d-b5a7-a146b9d1b964\nRevise\nProject: Terminus-2nd-Edition\nExpires at: 10/18/2026, 8:53:24 PM\n14f3a711-4561-431b-a2c7-cd9bcb488392\nRevise\nProject: Terminus-2nd-Edition\nExpires at: 10/19/2026, 1:24:27 AM\n91c375bf-3ab3-4fae-b647-c57bd0ce1d79\nRevise\nProject: Terminus-2nd-Edition\nExpires at: 10/19/2026, 2:09:07 AM\n82b85d32-18cf-4184-b0cd-f0bbae6e465a\nRevise\nProject: Terminus-2nd-Edition\nExpires at: 10/19/2026, 2:13:50 AM\nd13b444b-40f6-46d9-8632-b89bf88ae7ee\nRevise\nProject: Terminus-2nd-Edition\nExpires at: 10/19/2026, "}

[2026-05-23T17:46:05.833Z] STEP verify_persist
  Reloading workspace to verify zip persisted
  {"expectedZip":"csp-merge-policy-audit.zip"}

[2026-05-23T17:46:17.803Z] STEP verify_persist_done
  Zip attachment verified on workspace
  {"expectedZip":"csp-merge-policy-audit.zip"}

[2026-05-23T17:46:17.808Z] STEP verify_queue
  Checking revision card left home queue
  {"taskId":"02b7c62d-f1f4-4b8e-903e-a0c065b0a57b"}

[2026-05-23T17:46:20.911Z] STEP verify_queue_done
  UID gone from revision queue
  {"taskId":"02b7c62d-f1f4-4b8e-903e-a0c065b0a57b","stillInQueue":false}

[2026-05-23T17:46:20.915Z] DONE run_complete
  E2E flow finished
  {"revisionTaskId":"02b7c62d-f1f4-4b8e-903e-a0c065b0a57b","submissionUrl":"https://experts.snorkel-ai.com/home","zipPath":"C:\\Users\\gengi\\Projects\\Airdawg_terminal\\tasks\\old\\csp-merge-policy-audit.zip","rubricPath":"C:\\Users\\gengi\\Projects\\Airdawg_terminal\\tasks\\old\\csp-merge-policy-audit\\rubrics.txt","submitted":true,"revisionContext":{"capturedAt":"2026-05-23T17:44:53.271Z","revisionTaskId":"02b7c62d-f1f4-4b8e-903e-a0c065b0a57b","submissionUrl":"https://experts.snorkel-ai.com/projects/bfe79c33-8ab0-4061-9849-08d3207c9927/submission-941bede0-d9c6-42f0-874d-cd3d25582c72/review?assignmentId=c357b5d7-b9bf-4dfc-8836-f0374913c573","assignmentId":"c357b5d7-b9bf-4dfc-8836-f0374913c573","platformAttachedZip":"csp-merge-policy-audit.zip","autoEvalSummary":"AutoEval Execution Summary: AutoEval execution failed. Build status: FAILED. Build ID: CodeExecutionEnvironment:74eda523-6094-43c1-8dc8-055510ed676a.","buildLogsSummary":null,"difficultySummary":"Summary (optional)\n\nSummary of difficulty check - contains results of agent simulation and stats for each test as well as instruction sufficiency check.\n\nLanguage:\nPython\nPython\nGo\nSQL (Snowflake)\nJavaScript\nTypeScript\nSummary\nWrap\nExpand\n1\nDownload difficulty check results (optional)\n\nThis field will be populated by the system when your code is run by the system.\n\nDownload File\nNo file available","qualityCheckSummary":"Quality check summary (optional)\n\nPlease disregard this field if it is blank, during initial submission. This field will be populated by the system when your code is run by the system.\n\nLanguage:\nPython\nPython\nGo\nSQL (Snowflake)\nJavaScript\nTypeScript\nQuality check summary\nWrap\nExpand\n1\n2\n## Quality Check Results\n✅ pass - \nbehavior_in_task_description: \ninstruction.md explicitly names all \nfive output files (directive_matrix.\njson, nonce_collisions.json, \nenforce_verdicts.json, \nincident_overrides.json, summary.","agentReviewSummary":"Agent review (optional)\n\nPlease disregard this field if it is blank, during initial submission. This field will be populated by the system when your code is run by the system.\n\nLanguage:\nPython\nPython\nGo\nSQL (Snowflake)\nJavaScript\nTypeScript\nAgent review\nWrap\nExpand\n1\n2\n3\n======================================\n======================================\n====\n                         REVIEW \n                         REPORT: \n                         tbench-task\n======================================\n======================================","testQualitySummary":"Test Quality Report (optional)\n\nPlease disregard this field if it is blank, during initial submission. This field will be populated by the system when your code is run by the system.\n\nLanguage:\nPython\nPython\nGo\nSQL (Snowflake)\nJavaScript\nTypeScript\nTest Quality Report\nWrap\nExpand\n1\n2\n3\n======================================\n======================================\n====\n                      TEST QUALITY \n                      REVIEW: \n                      tbench-task\n======================================\n======================================","reviewerFeedback":"Reviewer Feedback","feedbackExpandCount":1,"rawPageExcerpt":"Submission\nFull instructions\nTime left:\n149d 00h 18m\nDiscard task\nExit task\nUID:\n02b7c62d-f1f4-4b8e-903e-a0c065b0a57b\nLast saved at 11:14 PM\nFullscreen\nTask Notes\nReviewer Feedback\nAutoEval Execution Summary: AutoEval execution failed. Build status: FAILED. Build ID: CodeExecutionEnvironment:74eda523-6094-43c1-8dc8-055510ed676a.\nDo you disagree with the reviewer feedback?\nQuestions to answer\nAll form questions are required unless marked as optional.\nTerminal bench 2.0 task submission\nUpload terminal bench 2.0 submission here (zip file)\n\nZip file should have all files in the root, not under any folder.\n\nUpload terminal bench 2.0 submission here (zip file) *\ncsp-merge-policy-audit.zip\n5/22/2026, 6:06:26 PM\nFast static checks\n\nRun quick static checks to verify submission structure and files. Submit runs slower checks and agent runs and may take a couple of minutes before returning results.\n\nCheck feedback\nSummary (optional)\n\nSummary of difficulty check - contains results of agent simulation and stats for each test as well as instruction sufficiency check.\n\nLanguage:\nPython\nPython\nGo\nSQL (Snowflake)\nJavaScript\nTypeScript\nSummary\nWrap\nExpand\n1\nDownload difficulty check results (optional)\n\nThis field will be populated by the system when your code is run by the system.\n\nDownload File\nNo file available\nQuality check summary (optional)\n\nPlease disregard this field if it is blank, during initial submission. This field will be populated by the system when your code is run by the system.\n\nLanguage:\nPython\nPython\nGo\nSQL (Snowflake)\nJavaScript\nTypeScript\nQuality check summary\nWrap\nExpand\n1\n2\n## Quality Check Results\n✅ pass - \nbehavior_in_task_description: \ninstruction.md explicitly names all \nfive output files (directive_matrix.\njson, nonce_collisions.json, \nenforce_verdicts.json, \nincident_overrides.json, summary.\nAgent review (optional)\n\nPlease disregard this field if it is blank, during initial submission. This field will be populated by the system when your code is run by the system.\n\nLanguage:\nPython\nPython\nGo\nSQL (Snowflake)\nJavaScript\nTypeScript\nAgent review\nWrap\nExpand\n1\n2\n3\n======================================\n======================================\n====\n                         REVIEW \n                         REPORT: \n                         tbench-task\n======================================\n======================================\nTest Quality Report (optional)\n\nPlease disregard this field if it is blank, during initial submission. This field will be populated by the system when your code is run by the system.\n\nLanguage:\nPython\nPython\nGo\nSQL (Snowflake)\nJavaScript\nTypeScript\nTest Quality Report\nWrap\nExpand\n1\n2\n3\n======================================\n======================================\n====\n                      TEST QUALITY \n                      REVIEW: \n                      tbench-task\n======================================\n======================================\nComments for Reviewer (optional)\n\nUse this field to provide any context or justification for your task that you would like the reviewer to see\n\nCheck to send to reviewer if difficulty and quality checks are passing. Otherwise, it will always result in revision.\n\nSend to reviewer?\nGenerate your Rubric(s) (optional)\n\nSelect this checkbox for rubric(s) to be generated for your submission. The rubric will be created after you submit the task to CI checks.\n\nOnce the evaluation completes, the generated rubric(s) will appear in the revision feedback if the submission is returned for revisions.\n\nIf you make significant changes to your submission after receiving revisions, make sure to select the checkbox again when resubmitting so the rubric can be regenerated for the updated task.\n\nClick here to generate rubric(s)\n\nAgent-generated rubric(s):\n\nLanguage:\nPython\nPython\nGo\nSQL (Snowflake)\nJavaScript\nTypeScript\nEditor\nWrap\nExpand\n1\n2\n3\nAgent emits all five JSON artifacts \nunder /app/audit/ with canonical \nformatting per SPEC, +2\nAgent leaves /app/cspmerge/ \nread-only and honors CMP_DATA_DIR/\nCMP_AUDIT_DIR overrides, +2\nAgent merges bundles with \nenforce-over-report-only precedence \nHow long did it take you to complete this submission?\n\nFill in minutes, if the task is sent back for revision adjust this number to take into account the additonal time.\n\nSubmit","revisionReasons":["autoeval_build_failed"]},"revisionContextPath":"C:\\Users\\gengi\\Projects\\Airdawg_terminal\\e2e\\audit\\revision-02b7c62d-f1f4-4b8e-903e-a0c065b0a57b-context.json","revisionReasons":["autoeval_build_failed"]}

[2026-05-23T17:46:20.973Z] STEP metadata_saved
  Platform metadata written
  {"metaPath":"C:\\Users\\gengi\\Projects\\Airdawg_terminal\\tasks\\csp-merge-policy-audit\\platform-submission.json"}
